{"level":"info","message":"server running on port: 5000","timestamp":"2021-05-19T07:14:26.449Z"}
{"level":"info","message":"server running on port: 5000","timestamp":"2021-05-19T07:17:32.623Z"}
{"level":"info","message":"server running on port: 5000","timestamp":"2021-05-19T07:18:39.462Z"}
{"level":"info","message":"server running on port: 5000","timestamp":"2021-05-19T11:57:05.131Z"}
{"level":"info","message":"server running on port: 5000","timestamp":"2021-05-19T12:02:46.158Z"}
{"level":"info","message":"server running on port: 5000","timestamp":"2021-05-19T12:06:36.222Z"}
{"level":"info","message":"server running on port: 5000","timestamp":"2021-05-19T12:19:24.674Z"}
{"level":"info","message":"server running on port: 5000","timestamp":"2021-05-19T12:20:21.291Z"}
{"level":"info","message":"server running on port: 5000","timestamp":"2021-05-19T12:25:15.161Z"}
{"level":"info","message":"server running on port: 5000","timestamp":"2021-05-19T12:27:28.548Z"}
{"level":"info","message":"server running on port: 5000","timestamp":"2021-05-20T04:54:14.815Z"}
{"level":"info","message":"server running on port: 5000","timestamp":"2021-05-20T10:45:43.739Z"}
{"level":"info","message":"server running on port: 5000","timestamp":"2021-05-20T11:16:56.908Z"}
{"level":"info","message":"server running on port: 5000","timestamp":"2021-05-20T12:01:17.401Z"}
{"level":"info","message":"server running on port: 5000","timestamp":"2021-05-20T12:04:46.069Z"}
{"level":"info","message":"server running on port: 5000","timestamp":"2021-05-20T12:11:17.376Z"}
{"level":"info","message":"server running on port: 5000","timestamp":"2021-05-20T12:20:55.044Z"}
{"level":"info","message":"server running on port: 5000","timestamp":"2021-05-20T12:21:45.534Z"}
{"level":"info","message":"server running on port: 5000","timestamp":"2021-05-20T12:22:13.103Z"}
{"level":"info","message":"server running on port: 5000","timestamp":"2021-05-20T12:22:33.825Z"}
{"level":"info","message":"server running on port: 5000","timestamp":"2021-05-20T12:28:09.480Z"}
{"level":"info","message":"server running on port: 5000","timestamp":"2021-05-20T12:29:28.248Z"}
{"level":"info","message":"server running on port: 5000","timestamp":"2021-05-20T12:31:15.545Z"}
{"level":"info","message":"server running on port: 5000","timestamp":"2021-05-20T12:31:40.495Z"}
{"level":"info","message":"server running on port: 5000","timestamp":"2021-05-20T12:32:09.039Z"}
{"level":"info","message":"server running on port: 5000","timestamp":"2021-05-20T12:32:44.104Z"}
{"level":"info","message":"server running on port: 5000","timestamp":"2021-05-20T12:33:23.713Z"}
{"level":"info","message":"server running on port: 5000","timestamp":"2021-05-20T12:33:44.654Z"}
{"level":"info","message":"server running on port: 5000","timestamp":"2021-05-20T12:34:23.453Z"}
{"level":"info","message":"server running on port: 5000","timestamp":"2021-05-20T12:35:10.978Z"}
{"level":"info","message":"server running on port: 5000","timestamp":"2021-05-20T12:36:49.493Z"}
{"level":"info","message":"server running on port: 5000","timestamp":"2021-05-20T12:38:06.139Z"}
{"level":"info","message":"server running on port: 5000","timestamp":"2021-05-20T12:39:14.021Z"}
{"level":"info","message":"server running on port: 5000","timestamp":"2021-05-20T12:39:21.256Z"}
{"level":"info","message":"server running on port: 5000","timestamp":"2021-05-20T12:45:00.719Z"}
{"level":"info","message":"server running on port: 5000","timestamp":"2021-05-20T12:45:52.188Z"}
{"level":"info","message":"server running on port: 5000","timestamp":"2021-05-20T12:47:16.897Z"}
{"level":"info","message":"server running on port: 5000","timestamp":"2021-05-20T12:49:01.605Z"}
{"level":"info","message":"server running on port: 5000","timestamp":"2021-05-20T12:53:47.189Z"}
{"level":"info","message":"server running on port: 5000","timestamp":"2021-05-20T12:54:36.579Z"}
{"level":"info","message":"server running on port: 5000","timestamp":"2021-05-21T05:40:17.311Z"}
{"level":"info","message":"server running on port: 5000","timestamp":"2021-05-21T05:40:35.208Z"}
{"level":"info","message":"server running on port: 5000","timestamp":"2021-05-21T06:28:21.700Z"}
{"level":"info","message":"server running on port: 5000","timestamp":"2021-05-21T06:50:59.736Z"}
{"level":"info","message":"server running on port: 5000","timestamp":"2021-05-21T07:32:00.407Z"}
{"level":"info","message":"server running on port: 5000","timestamp":"2021-05-21T07:34:38.466Z"}
{"level":"info","message":"server running on port: 5000","timestamp":"2021-05-21T09:07:12.466Z"}
{"level":"info","message":"server running on port: 5000","timestamp":"2021-05-21T09:13:43.557Z"}
{"level":"info","message":"server running on port: 5000","timestamp":"2021-05-21T09:15:49.487Z"}
{"level":"info","message":"server running on port: 5000","timestamp":"2021-05-21T09:20:39.872Z"}
{"level":"info","message":"server running on port: 5000","timestamp":"2021-05-21T09:27:46.217Z"}
{"level":"info","message":"server running on port: 5000","timestamp":"2021-05-21T09:29:21.362Z"}
{"level":"info","message":"server running on port: 5000","timestamp":"2021-05-21T09:34:30.901Z"}
{"level":"info","message":"server running on port: 5000","timestamp":"2021-05-21T09:39:44.194Z"}
{"level":"info","message":"server running on port: 5000","timestamp":"2021-05-21T09:39:59.476Z"}
{"level":"info","message":"server running on port: 5000","timestamp":"2021-05-21T09:41:47.538Z"}
{"level":"info","message":"server running on port: 5000","timestamp":"2021-05-21T09:43:07.741Z"}
{"level":"info","message":"server running on port: 5000","timestamp":"2021-05-21T09:44:36.126Z"}
{"level":"info","message":"server running on port: 5000","timestamp":"2021-05-21T09:45:36.850Z"}
{"level":"info","message":"server running on port: 5000","timestamp":"2021-05-21T09:46:20.015Z"}
{"level":"info","message":"server running on port: 5000","timestamp":"2021-05-21T09:46:51.188Z"}
{"level":"info","message":"server running on port: 5000","timestamp":"2021-05-21T09:58:32.679Z"}
{"level":"info","message":"server running on port: 5000","timestamp":"2021-05-21T10:02:31.963Z"}
{"level":"info","message":"server running on port: 5000","timestamp":"2021-05-21T10:04:54.327Z"}
{"level":"info","message":"server running on port: 5000","timestamp":"2021-05-21T10:21:03.819Z"}
{"level":"info","message":"server running on port: 5000","timestamp":"2021-05-21T10:28:19.776Z"}
{"level":"info","message":"server running on port: 5000","timestamp":"2021-05-21T12:19:06.854Z"}
{"level":"info","message":"server running on port: 5000","timestamp":"2021-05-21T13:21:36.837Z"}
{"level":"info","message":"server running on port: 5000","timestamp":"2021-05-21T13:24:01.253Z"}
{"level":"info","message":"server running on port: 5000","timestamp":"2021-05-21T13:24:37.514Z"}
{"level":"info","message":"server running on port: 5000","timestamp":"2021-05-21T13:27:05.600Z"}
{"level":"info","message":"server running on port: 5000","timestamp":"2021-05-21T13:57:45.532Z"}
{"level":"info","message":"server running on port: 5000","timestamp":"2021-05-22T05:30:00.142Z"}
{"level":"info","message":"server running on port: 5000","timestamp":"2021-05-22T05:30:19.072Z"}
{"level":"info","message":"server running on port: 5000","timestamp":"2021-05-22T05:30:27.159Z"}
{"level":"info","message":"server running on port: 5000","timestamp":"2021-05-22T05:46:01.293Z"}
{"level":"info","message":"server running on port: 5000","timestamp":"2021-05-22T05:47:43.973Z"}
{"level":"info","message":"server running on port: 5000","timestamp":"2021-05-22T05:48:13.818Z"}
{"level":"info","message":"server running on port: 5000","timestamp":"2021-05-22T05:51:15.469Z"}
{"level":"info","message":"server running on port: 5000","timestamp":"2021-05-22T05:51:51.423Z"}
{"level":"info","message":"server running on port: 5000","timestamp":"2021-05-22T05:52:16.093Z"}
{"level":"info","message":"server running on port: 5000","timestamp":"2021-05-22T05:53:44.103Z"}
{"level":"info","message":"server running on port: 5000","timestamp":"2021-05-22T06:00:08.761Z"}
{"level":"info","message":"server running on port: 5000","timestamp":"2021-05-22T06:04:31.640Z"}
{"level":"info","message":"server running on port: 5000","timestamp":"2021-05-22T06:06:39.261Z"}
{"level":"info","message":"server running on port: 5000","timestamp":"2021-05-22T06:07:07.966Z"}
{"level":"info","message":"server running on port: 5000","timestamp":"2021-05-22T16:43:57.724Z"}
{"level":"info","message":"server running on port: 5000","timestamp":"2021-05-22T16:45:13.341Z"}
{"level":"info","message":"server running on port: 5000","timestamp":"2021-05-22T16:58:18.188Z"}
{"level":"info","message":"server running on port: 5000","timestamp":"2021-05-22T17:00:30.211Z"}
{"level":"info","message":"server running on port: 5000","timestamp":"2021-05-22T17:01:03.001Z"}
{"level":"info","message":"server running on port: 5000","timestamp":"2021-05-22T17:01:28.205Z"}
{"level":"info","message":"server running on port: 5000","timestamp":"2021-05-22T17:03:07.904Z"}
{"level":"info","message":"server running on port: 5000","timestamp":"2021-05-22T17:06:11.076Z"}
{"level":"info","message":"server running on port: 5000","timestamp":"2021-05-23T06:09:13.419Z"}
{"level":"info","message":"server running on port: 5000","timestamp":"2021-05-23T06:16:59.935Z"}
{"level":"info","message":"server running on port: 5000","timestamp":"2021-05-23T10:07:46.689Z"}
{"level":"info","message":"server running on port: 5000","timestamp":"2021-05-23T10:11:37.844Z"}
{"level":"info","message":"server running on port: 5000","timestamp":"2021-05-23T10:12:06.941Z"}
{"level":"info","message":"server running on port: 5000","timestamp":"2021-05-23T10:12:56.645Z"}
{"level":"info","message":"server running on port: 5000","timestamp":"2021-05-23T10:16:40.954Z"}
{"level":"info","message":"server running on port: 5000","timestamp":"2021-05-23T10:31:03.576Z"}
{"level":"info","message":"server running on port: 5000","timestamp":"2021-05-24T04:07:03.088Z"}
{"level":"info","message":"server running on port: 5000","timestamp":"2021-05-24T06:49:16.278Z"}
{"level":"info","message":"server running on port: 5000","timestamp":"2021-05-24T09:16:43.560Z"}
{"level":"info","message":"server running on port: 5000","timestamp":"2021-05-24T09:18:03.415Z"}
{"level":"info","message":"server running on port: 5000","timestamp":"2021-05-24T09:18:25.574Z"}
{"level":"info","message":"server running on port: 5000","timestamp":"2021-05-24T09:18:45.360Z"}
{"level":"info","message":"server running on port: 5000","timestamp":"2021-05-24T09:19:28.257Z"}
{"level":"info","message":"server running on port: 5000","timestamp":"2021-05-24T09:21:19.005Z"}
{"level":"info","message":"server running on port: 5000","timestamp":"2021-05-24T10:26:47.739Z"}
{"level":"info","message":"server running on port: 5000","timestamp":"2021-05-24T10:28:58.057Z"}
{"level":"info","message":"server running on port: 5000","timestamp":"2021-05-24T10:35:45.410Z"}
{"level":"info","message":"server running on port: 5000","timestamp":"2021-05-24T11:06:29.904Z"}
{"level":"info","message":"server running on port: 5000","timestamp":"2021-05-24T11:07:02.136Z"}
{"level":"info","message":"server running on port: 5000","timestamp":"2021-05-24T11:07:35.731Z"}
{"level":"info","message":"server running on port: 5000","timestamp":"2021-05-24T11:09:15.110Z"}
{"level":"info","message":"server running on port: 5000","timestamp":"2021-05-24T11:09:55.950Z"}
{"level":"info","message":"server running on port: 5000","timestamp":"2021-05-24T11:10:36.026Z"}
{"level":"info","message":"server running on port: 5000","timestamp":"2021-05-24T11:11:09.287Z"}
{"level":"info","message":"server running on port: 5000","timestamp":"2021-05-24T11:11:32.580Z"}
{"level":"info","message":"server running on port: 5000","timestamp":"2021-05-24T11:12:58.577Z"}
{"level":"info","message":"server running on port: 5000","timestamp":"2021-05-24T11:14:01.296Z"}
{"level":"info","message":"server running on port: 5000","timestamp":"2021-05-24T11:14:50.064Z"}
{"level":"info","message":"server running on port: 5000","timestamp":"2021-05-24T11:47:42.432Z"}
{"level":"info","message":"server running on port: 5000","timestamp":"2021-05-24T12:16:07.249Z"}
{"level":"info","message":"server running on port: 5000","timestamp":"2021-05-24T12:19:04.205Z"}
{"level":"info","message":"server running on port: 5000","timestamp":"2021-05-24T12:24:37.600Z"}
{"level":"info","message":"server running on port: 5000","timestamp":"2021-05-24T12:34:22.502Z"}
{"level":"info","message":"server running on port: 5000","timestamp":"2021-05-24T12:35:29.589Z"}
{"level":"info","message":"server running on port: 5000","timestamp":"2021-05-24T12:36:23.267Z"}
{"level":"info","message":"server running on port: 5000","timestamp":"2021-05-24T12:36:30.705Z"}
{"level":"info","message":"server running on port: 5000","timestamp":"2021-05-24T12:36:58.239Z"}
{"level":"info","message":"server running on port: 5000","timestamp":"2021-05-24T12:37:40.649Z"}
{"level":"info","message":"server running on port: 5000","timestamp":"2021-05-24T12:39:58.237Z"}
{"level":"info","message":"server running on port: 5000","timestamp":"2021-05-24T12:41:01.277Z"}
{"level":"info","message":"server running on port: 5000","timestamp":"2021-05-24T12:43:13.036Z"}
{"level":"info","message":"server running on port: 5000","timestamp":"2021-05-24T12:43:51.652Z"}
{"level":"info","message":"server running on port: 5000","timestamp":"2021-05-24T12:45:18.857Z"}
{"level":"info","message":"server running on port: 5000","timestamp":"2021-05-24T12:45:46.230Z"}
{"level":"info","message":"server running on port: 5000","timestamp":"2021-05-24T12:46:45.813Z"}
{"level":"info","message":"server running on port: 5000","timestamp":"2021-05-24T12:47:04.737Z"}
{"level":"info","message":"server running on port: 5000","timestamp":"2021-05-24T12:51:58.777Z"}
{"level":"info","message":"server running on port: 5000","timestamp":"2021-05-24T12:57:30.477Z"}
{"level":"info","message":"server running on port: 5000","timestamp":"2021-05-24T12:59:52.031Z"}
{"level":"info","message":"server running on port: 5000","timestamp":"2021-05-24T13:01:07.649Z"}
{"level":"info","message":"server running on port: 5000","timestamp":"2021-05-24T13:07:29.835Z"}
{"level":"info","message":"server running on port: 5000","timestamp":"2021-05-24T13:08:37.852Z"}
{"level":"info","message":"server running on port: 5000","timestamp":"2021-05-24T13:09:48.614Z"}
{"level":"info","message":"server running on port: 5000","timestamp":"2021-05-24T13:13:37.300Z"}
{"level":"info","message":"server running on port: 5000","timestamp":"2021-05-24T13:14:33.763Z"}
{"level":"info","message":"server running on port: 5000","timestamp":"2021-05-24T13:16:48.413Z"}
{"level":"info","message":"server running on port: 5000","timestamp":"2021-05-24T13:17:50.220Z"}
{"level":"info","message":"server running on port: 5000","timestamp":"2021-05-24T13:18:28.325Z"}
{"level":"info","message":"server running on port: 5000","timestamp":"2021-05-24T13:19:11.932Z"}
{"level":"info","message":"server running on port: 5000","timestamp":"2021-05-25T05:26:05.697Z"}
{"level":"info","message":"server running on port: 5000","timestamp":"2021-05-25T05:43:30.832Z"}
{"level":"info","message":"server running on port: 5000","timestamp":"2021-05-25T09:53:17.940Z"}
{"level":"info","message":"server running on port: 5000","timestamp":"2021-05-25T09:55:06.588Z"}
{"level":"info","message":"server running on port: 5000","timestamp":"2021-05-25T09:55:46.494Z"}
{"level":"info","message":"server running on port: 5000","timestamp":"2021-05-25T09:57:04.523Z"}
{"level":"info","message":"server running on port: 5000","timestamp":"2021-05-25T09:59:52.385Z"}
{"level":"info","message":"server running on port: 5000","timestamp":"2021-05-25T10:00:46.380Z"}
{"level":"info","message":"server running on port: 5000","timestamp":"2021-05-25T10:02:15.887Z"}
{"level":"info","message":"server running on port: 5000","timestamp":"2021-05-25T10:03:11.723Z"}
{"level":"info","message":"server running on port: 5000","timestamp":"2021-05-25T10:04:22.336Z"}
{"level":"info","message":"server running on port: 5000","timestamp":"2021-05-25T10:06:25.278Z"}
{"level":"info","message":"server running on port: 5000","timestamp":"2021-05-25T10:13:25.331Z"}
{"level":"info","message":"server running on port: 5000","timestamp":"2021-05-25T10:15:23.568Z"}
{"level":"info","message":"server running on port: 5000","timestamp":"2021-05-25T10:21:03.680Z"}
{"level":"info","message":"server running on port: 5000","timestamp":"2021-05-25T10:21:44.420Z"}
{"level":"info","message":"server running on port: 5000","timestamp":"2021-05-25T10:22:27.483Z"}
{"level":"info","message":"server running on port: 5000","timestamp":"2021-05-25T10:22:57.824Z"}
{"level":"info","message":"server running on port: 5000","timestamp":"2021-05-25T10:25:24.110Z"}
{"level":"info","message":"server running on port: 5000","timestamp":"2021-05-25T10:26:22.575Z"}
{"level":"info","message":"server running on port: 5000","timestamp":"2021-05-25T10:28:05.101Z"}
{"level":"info","message":"server running on port: 5000","timestamp":"2021-05-25T10:28:30.168Z"}
{"level":"info","message":"server running on port: 5000","timestamp":"2021-05-25T10:29:36.832Z"}
{"level":"info","message":"server running on port: 5000","timestamp":"2021-05-25T10:32:31.165Z"}
{"level":"info","message":"server running on port: 5000","timestamp":"2021-05-25T10:33:12.985Z"}
{"level":"info","message":"server running on port: 5000","timestamp":"2021-05-25T10:41:33.177Z"}
{"level":"info","message":"server running on port: 5000","timestamp":"2021-05-25T10:44:55.863Z"}
{"level":"info","message":"server running on port: 5000","timestamp":"2021-05-25T10:46:18.881Z"}
{"level":"info","message":"server running on port: 5000","timestamp":"2021-05-25T10:47:54.368Z"}
{"level":"info","message":"server running on port: 5000","timestamp":"2021-05-25T10:48:22.736Z"}
{"level":"info","message":"server running on port: 5000","timestamp":"2021-05-25T10:49:15.945Z"}
{"level":"info","message":"server running on port: 5000","timestamp":"2021-05-25T11:32:30.769Z"}
{"level":"info","message":"server running on port: 5000","timestamp":"2021-05-25T11:33:02.300Z"}
{"level":"info","message":"server running on port: 5000","timestamp":"2021-05-25T11:33:20.135Z"}
{"level":"info","message":"server running on port: 5000","timestamp":"2021-05-25T13:37:24.687Z"}
{"level":"info","message":"server running on port: 5000","timestamp":"2021-05-25T14:37:46.308Z"}
{"level":"info","message":"server running on port: 5000","timestamp":"2021-05-25T14:37:51.415Z"}
{"level":"info","message":"server running on port: 5000","timestamp":"2021-05-26T04:44:15.396Z"}
{"level":"info","message":"server running on port: 5000","timestamp":"2021-05-26T04:44:33.124Z"}
{"level":"info","message":"server running on port: 5000","timestamp":"2021-05-26T04:44:44.699Z"}
{"level":"info","message":"server running on port: 5000","timestamp":"2021-05-26T04:44:57.321Z"}
{"level":"info","message":"server running on port: 5000","timestamp":"2021-05-26T04:45:31.884Z"}
{"level":"info","message":"server running on port: 5000","timestamp":"2021-05-26T04:45:51.211Z"}
{"level":"info","message":"server running on port: 5000","timestamp":"2021-05-26T04:46:15.344Z"}
{"level":"error","message":"server running on port: 5000","timestamp":"2021-05-26T04:47:10.654Z"}
{"level":"info","message":"server running on port: 5000","timestamp":"2021-05-26T04:48:04.045Z"}
{"level":"error","message":"hello","timestamp":"2021-05-26T04:48:04.046Z"}
{"level":"info","message":"server running on port: 5000","timestamp":"2021-05-26T04:49:48.104Z"}
{"level":"info","message":"server running on port: 5000","timestamp":"2021-05-26T05:06:58.736Z"}
{"level":"info","message":"server running on port: 5000","timestamp":"2021-05-26T05:07:31.682Z"}
{"level":"error","message":"server running on port: 5000","timestamp":"2021-05-26T05:07:31.683Z"}
{"level":"info","message":"server running on port: 5000","timestamp":"2021-05-26T05:35:23.571Z"}
{"level":"error","message":"server running on port: 5000","timestamp":"2021-05-26T05:35:23.572Z"}
{"level":"info","message":"server running on port: 5000","timestamp":"2021-05-26T05:35:51.648Z"}
{"level":"error","message":"server running on port: 5000","timestamp":"2021-05-26T05:35:51.650Z"}
{"level":"info","message":"server running on port: 5000","timestamp":"2021-05-26T05:36:05.000Z"}
{"level":"error","message":"server running on port: 5000","timestamp":"2021-05-26T05:36:05.001Z"}
{"level":"info","message":"server running on port: 5000","timestamp":"2021-05-26T05:36:39.437Z"}
{"level":"error","message":"server running on port: 5000","timestamp":"2021-05-26T05:36:39.438Z"}
{"level":"info","message":"server running on port: 5000","timestamp":"2021-05-26T05:37:17.322Z"}
{"level":"error","message":"server running on port: 5000","timestamp":"2021-05-26T05:37:17.323Z"}
{"level":"info","message":"server running on port: 5000","timestamp":"2021-05-26T05:37:48.358Z"}
{"level":"error","message":"server running on port: 5000","timestamp":"2021-05-26T05:37:48.359Z"}
{"level":"info","message":"server running on port: 5000","timestamp":"2021-05-26T05:39:08.505Z"}
{"level":"error","message":"server running on port: 5000","timestamp":"2021-05-26T05:39:08.506Z"}
{"message":"server running on port: 5000","level":"info","timestamp":"2021-05-26T05:40:52.735Z"}
{"level":"info","message":"info","timestamp":"2021-05-26T05:43:34.329Z"}
{"level":"warn","message":"warning","timestamp":"2021-05-26T05:43:34.330Z"}
{"message":"server running on port: 5000","level":"info","timestamp":"2021-05-26T05:44:08.751Z"}
{"message":"server running on port: 5000","level":"warn","timestamp":"2021-05-26T05:44:08.752Z"}
{"message":"server running on port: 5000","level":"warn","timestamp":"2021-05-26T05:45:25.177Z"}
{"message":"server running on port: 5000","level":"info","timestamp":"2021-05-26T05:45:25.178Z"}
{"message":"server running on port: 5000","level":"info","timestamp":"2021-05-26T05:45:40.179Z"}
{"message":"server running on port: 5000","level":"warn","timestamp":"2021-05-26T05:45:40.181Z"}
{"message":"server running on port: 5000","level":"info","timestamp":"2021-05-26T05:46:23.873Z"}
{"message":"server running on port: 5000","level":"info","timestamp":"2021-05-26T06:57:42.147Z"}
{"message":"server running on port: 5000","level":"info","timestamp":"2021-05-26T06:58:06.143Z"}
{"message":"server running on port: 5000","level":"info","timestamp":"2021-05-26T07:04:04.894Z"}
{"message":"server running on port: 5000","level":"info","timestamp":"2021-05-26T07:08:09.264Z"}
{"message":"server running on port: 5000","level":"info","timestamp":"2021-05-26T07:09:12.791Z"}
{"message":"server running on port: 5000","level":"info","timestamp":"2021-05-26T07:10:27.804Z"}
{"message":"server running on port: 5000","level":"info","timestamp":"2021-05-26T07:11:13.403Z"}
{"message":"server running on port: 5000","level":"info","timestamp":"2021-05-26T07:12:00.545Z"}
{"message":"server running on port: 5000","level":"info","timestamp":"2021-05-26T07:12:46.748Z"}
{"message":"server running on port: 5000","level":"info","timestamp":"2021-05-26T07:16:09.549Z"}
{"message":"server running on port: 5000","level":"info","timestamp":"2021-05-26T07:17:47.238Z"}
{"message":"server running on port: 5000","level":"info","timestamp":"2021-05-26T07:18:19.372Z"}
{"message":"server running on port: 5000","level":"info","timestamp":"2021-05-26T07:21:18.451Z"}
{"message":"server running on port: 5000","level":"info","timestamp":"2021-05-26T07:23:51.057Z"}
{"message":"server running on port: 5000","level":"info","timestamp":"2021-05-26T07:26:19.371Z"}
{"message":"server running on port: 5000","level":"info","timestamp":"2021-05-26T07:27:14.436Z"}
{"message":"server running on port: 5000","level":"info","timestamp":"2021-05-26T07:28:53.409Z"}
{"message":"server running on port: 5000","level":"info","timestamp":"2021-05-26T07:29:49.557Z"}
{"message":"server running on port: 5000","level":"info","timestamp":"2021-05-26T07:30:57.755Z"}
{"message":"server running on port: 5000","level":"info","timestamp":"2021-05-26T07:32:16.095Z"}
{"message":"server running on port: 5000","level":"info","timestamp":"2021-05-26T07:34:14.581Z"}
{"message":"server running on port: 5000","level":"info","timestamp":"2021-05-26T08:40:51.181Z"}
{"message":"server running on port: 5000","level":"info","timestamp":"2021-05-26T08:41:46.267Z"}
{"message":"server running on port: 5000","level":"info","timestamp":"2021-05-26T08:46:42.329Z"}
{"message":"server running on port: 5000","level":"info","timestamp":"2021-05-26T08:47:49.280Z"}
{"message":"server running on port: 5000","level":"info","timestamp":"2021-05-26T08:48:16.969Z"}
{"message":"server running on port: 5000","level":"info","timestamp":"2021-05-26T08:58:54.610Z"}
{"message":"server running on port: 5000","level":"info","timestamp":"2021-05-26T09:00:35.891Z"}
{"message":"server running on port: 5000","level":"info","timestamp":"2021-05-26T09:01:12.417Z"}
{"message":"server running on port: 5000","level":"info","timestamp":"2021-05-26T09:04:37.669Z"}
{"message":"server running on port: 5000","level":"info","timestamp":"2021-05-26T10:15:31.190Z"}
{"message":"server running on port: 5000","level":"info","timestamp":"2021-05-26T10:17:01.569Z"}
{"message":"server running on port: 5000","level":"info","timestamp":"2021-05-26T10:20:23.245Z"}
{"message":"server running on port: 5000","level":"info","timestamp":"2021-05-26T10:21:00.255Z"}
{"message":"server running on port: 5000","level":"info","timestamp":"2021-05-26T10:21:37.866Z"}
{"message":"server running on port: 5000","level":"info","timestamp":"2021-05-26T10:26:01.975Z"}
{"message":"server running on port: 5000","level":"info","timestamp":"2021-05-26T10:27:36.185Z"}
{"message":"server running on port: 5000","level":"info","timestamp":"2021-05-26T10:29:09.689Z"}
{"message":"server running on port: 5000","level":"info","timestamp":"2021-05-26T10:30:13.053Z"}
{"message":"server running on port: 5000","level":"info","timestamp":"2021-05-26T10:32:01.256Z"}
{"message":"server running on port: 5000","level":"info","timestamp":"2021-05-26T10:34:55.620Z"}
{"message":"server running on port: 5000","level":"info","timestamp":"2021-05-26T10:37:40.604Z"}
{"message":"server running on port: 5000","level":"info","timestamp":"2021-05-26T10:39:11.010Z"}
{"message":"server running on port: 5000","level":"info","timestamp":"2021-05-26T10:40:02.787Z"}
{"message":"server running on port: 5000","level":"info","timestamp":"2021-05-26T13:00:43.216Z"}
{"message":"server running on port: 5000","level":"info","timestamp":"2021-05-28T06:37:23.333Z"}
{"message":"server running on port: 5000","level":"info","timestamp":"2021-05-28T06:41:43.621Z"}
{"message":"server running on port: 5000","level":"info","timestamp":"2021-05-28T06:42:20.704Z"}
{"message":"server running on port: 5000","level":"info","timestamp":"2021-05-28T07:38:59.753Z"}
{"message":"server running on port: 5000","level":"info","timestamp":"2021-05-28T09:04:27.228Z"}
{"message":"server running on port: 5000","level":"info","timestamp":"2021-05-31T07:10:10.261Z"}
{"message":"server running on port: 5000","level":"info","timestamp":"2021-06-02T10:07:05.660Z"}
{"message":"server running on port: 5000","level":"info","timestamp":"2021-06-02T10:59:59.096Z"}
{"message":"server running on port: 5000","level":"info","timestamp":"2021-06-02T11:24:28.293Z"}
{"message":"server running on port: 5000","level":"info","timestamp":"2021-06-02T11:30:04.132Z"}
{"message":"server running on port: 5000","level":"info","timestamp":"2021-06-02T11:32:37.605Z"}
{"message":"server running on port: 5000","level":"info","timestamp":"2021-06-02T11:34:42.937Z"}
{"message":"server running on port: 5000","level":"info","timestamp":"2021-06-02T11:37:09.323Z"}
{"message":"server running on port: 5000","level":"info","timestamp":"2021-06-02T11:38:59.240Z"}
{"message":"server running on port: 5000","level":"info","timestamp":"2021-06-02T13:08:21.210Z"}
{"message":"server running on port: 5000","level":"info","timestamp":"2021-06-02T13:08:44.100Z"}
{"message":"server running on port: 5000","level":"info","timestamp":"2021-06-02T13:12:30.565Z"}
{"message":"server running on port: 5000","level":"info","timestamp":"2021-06-02T13:14:08.471Z"}
{"message":"server running on port: 5000","level":"info","timestamp":"2021-06-02T13:15:01.055Z"}
{"message":"server running on port: 5000","level":"info","timestamp":"2021-06-02T13:23:54.362Z"}
{"message":"server running on port: 5000","level":"info","timestamp":"2021-06-02T13:27:54.425Z"}
{"message":"server running on port: 5000","level":"info","timestamp":"2021-06-02T13:49:38.432Z"}
{"message":"server running on port: 5000","level":"info","timestamp":"2021-06-02T13:50:15.459Z"}
{"message":"server running on port: 5000","level":"info","timestamp":"2021-06-02T13:51:03.689Z"}
{"message":"server running on port: 5000","level":"info","timestamp":"2021-06-02T13:52:24.253Z"}
{"message":"server running on port: 5000","level":"info","timestamp":"2021-06-02T13:53:07.852Z"}
{"message":"server running on port: 5000","level":"info","timestamp":"2021-06-02T13:53:47.164Z"}
{"message":"server running on port: 5000","level":"info","timestamp":"2021-06-02T13:54:07.017Z"}
{"message":"server running on port: 5000","level":"info","timestamp":"2021-06-02T14:01:02.536Z"}
